<?xml version="1.0" encoding="UTF-8"?>
<coverage generated="1676528994034" clover="3.2.0">
  <project timestamp="1676528994035" name="All files">
    <metrics statements="9" coveredstatements="4" conditionals="0" coveredconditionals="0" methods="5" coveredmethods="3" elements="14" coveredelements="7" complexity="0" loc="9" ncloc="9" packages="1" files="2" classes="2"/>
    <file name="asyncFunc.js" path="C:\Users\ACER\Desktop\todo_app\src\asyncFunc.js">
      <metrics statements="8" coveredstatements="3" conditionals="0" coveredconditionals="0" methods="4" coveredmethods="2"/>
      <line num="1" count="1" type="stmt"/>
      <line num="2" count="1" type="stmt"/>
      <line num="3" count="0" type="stmt"/>
      <line num="4" count="0" type="stmt"/>
      <line num="6" count="0" type="stmt"/>
      <line num="11" count="1" type="stmt"/>
      <line num="12" count="0" type="stmt"/>
      <line num="13" count="0" type="stmt"/>
    </file>
    <file name="sum.js" path="C:\Users\ACER\Desktop\todo_app\src\sum.js">
      <metrics statements="1" coveredstatements="1" conditionals="0" coveredconditionals="0" methods="1" coveredmethods="1"/>
      <line num="1" count="1" type="stmt"/>
    </file>
  </project>
</coverage>
