{"C:\\Users\\ACER\\Desktop\\todo_app\\src\\asyncFunc.js": {"path":"C:\\Users\\ACER\\Desktop\\todo_app\\src\\asyncFunc.js","statementMap":{"0":{"start":{"line":1,"column":20},"end":{"line":9,"column":2}},"1":{"start":{"line":1,"column":30},"end":{"line":9,"column":2}},"2":{"start":{"line":2,"column":4},"end":{"line":8,"column":12}},"3":{"start":{"line":3,"column":8},"end":{"line":7,"column":9}},"4":{"start":{"line":4,"column":12},"end":{"line":4,"column":28}},"5":{"start":{"line":6,"column":12},"end":{"line":6,"column":25}},"6":{"start":{"line":11,"column":25},"end":{"line":14,"column":1}},"7":{"start":{"line":12,"column":16},"end":{"line":12,"column":70}},"8":{"start":{"line":13,"column":4},"end":{"line":13,"column":15}}},"fnMap":{"0":{"name":"(anonymous_0)","decl":{"start":{"line":1,"column":20},"end":{"line":1,"column":21}},"loc":{"start":{"line":1,"column":30},"end":{"line":9,"column":2}},"line":1},"1":{"name":"(anonymous_1)","decl":{"start":{"line":1,"column":42},"end":{"line":1,"column":43}},"loc":{"start":{"line":1,"column":62},"end":{"line":9,"column":1}},"line":1},"2":{"name":"(anonymous_2)","decl":{"start":{"line":2,"column":15},"end":{"line":2,"column":16}},"loc":{"start":{"line":2,"column":19},"end":{"line":8,"column":5}},"line":2},"3":{"name":"(anonymous_3)","decl":{"start":{"line":11,"column":25},"end":{"line":11,"column":26}},"loc":{"start":{"line":11,"column":36},"end":{"line":14,"column":1}},"line":11}},"branchMap":{},"s":{"0":1,"1":1,"2":1,"3":0,"4":0,"5":0,"6":1,"7":0,"8":0},"f":{"0":1,"1":1,"2":0,"3":0},"b":{},"_coverageSchema":"1a1c01bbd47fc00a2c39e90264f33305004495a9","hash":"e5286060c1db550981772b4e057c0083a12e3582"}
,"C:\\Users\\ACER\\Desktop\\todo_app\\src\\sum.js": {"path":"C:\\Users\\ACER\\Desktop\\todo_app\\src\\sum.js","statementMap":{"0":{"start":{"line":1,"column":12},"end":{"line":1,"column":25}},"1":{"start":{"line":1,"column":22},"end":{"line":1,"column":25}}},"fnMap":{"0":{"name":"(anonymous_0)","decl":{"start":{"line":1,"column":12},"end":{"line":1,"column":13}},"loc":{"start":{"line":1,"column":22},"end":{"line":1,"column":25}},"line":1}},"branchMap":{},"s":{"0":1,"1":1},"f":{"0":1},"b":{},"_coverageSchema":"1a1c01bbd47fc00a2c39e90264f33305004495a9","hash":"ac3ce91b983cc51c846a51e27615c6440fc923d4"}
}
